<?xml version="1.0" encoding="UTF-8"?>
<!-- Generated by org.testng.reporters.JUnitXMLReporter -->
<testsuite hostname="pf01ntxq" name="Chrome Test" tests="5" failures="0" timestamp="23 Apr 2015 19:41:20 GMT" time="2.64" errors="0">
  <testcase name="@BeforeClass setUpBeforeClass" time="0.0" classname="com.etouch.tivopoc.pages.test.TestTivo">
    <failure type="org.openqa.selenium.WebDriverException" message="unknown error: No current window
JavaScript stack:
Error: No current window
    at checkForExtensionError (chrome-extension://aapnijgdinlhnhlmodcfapnahmbfebeb/background.js:14:17)
    at Object.callback (chrome-extension://aapnijgdinlhnhlmodcfapnahmbfebeb/background.js:67:5)
    at safeCallbackApply (extensions::sendRequest:21:15)
    at handleResponse (extensions::sendRequest:73:7)
  (Session info: chrome=42.0.2311.90)
  (Driver info: chromedriver=2.13.307650 (feffe1dd547ee7b5c16d38784cd0cd679dfd7850),platform=Mac OS X 10.9.5 x86_64) (WARNING: The server did not provide any stacktrace information)
Command duration or timeout: 50 milliseconds
Build info: version: &amp;apos;2.45.0&amp;apos;, revision: &amp;apos;5017cb8e7ca8e37638dc3091b2440b90a1d8686f&amp;apos;, time: &amp;apos;2015-02-27 09:10:26&amp;apos;
System info: host: &amp;apos;pf01ntxq&amp;apos;, ip: &amp;apos;192.168.141.195&amp;apos;, os.name: &amp;apos;Mac OS X&amp;apos;, os.arch: &amp;apos;x86_64&amp;apos;, os.version: &amp;apos;10.9.5&amp;apos;, java.version: &amp;apos;1.6.0_65&amp;apos;
Session ID: c8d6f9995dee9ee527a9752b2c6f94bd
Driver info: org.openqa.selenium.chrome.ChromeDriver
Capabilities [{platform=MAC, acceptSslCerts=true, javascriptEnabled=true, browserName=chrome, chrome={userDataDir=/var/folders/ym/jj0lsck57g39n6kt1_h08l3w0000gw/T/.org.chromium.Chromium.KB7ovL}, rotatable=false, locationContextEnabled=true, mobileEmulationEnabled=false, version=42.0.2311.90, takesHeapSnapshot=true, cssSelectorsEnabled=true, databaseEnabled=false, handlesAlerts=true, browserConnectionEnabled=false, webStorageEnabled=true, nativeEvents=true, applicationCacheEnabled=false, takesScreenshot=true}]">
      <![CDATA[org.openqa.selenium.WebDriverException: unknown error: No current window
JavaScript stack:
Error: No current window
    at checkForExtensionError (chrome-extension://aapnijgdinlhnhlmodcfapnahmbfebeb/background.js:14:17)
    at Object.callback (chrome-extension://aapnijgdinlhnhlmodcfapnahmbfebeb/background.js:67:5)
    at safeCallbackApply (extensions::sendRequest:21:15)
    at handleResponse (extensions::sendRequest:73:7)
  (Session info: chrome=42.0.2311.90)
  (Driver info: chromedriver=2.13.307650 (feffe1dd547ee7b5c16d38784cd0cd679dfd7850),platform=Mac OS X 10.9.5 x86_64) (WARNING: The server did not provide any stacktrace information)
Command duration or timeout: 50 milliseconds
Build info: version: '2.45.0', revision: '5017cb8e7ca8e37638dc3091b2440b90a1d8686f', time: '2015-02-27 09:10:26'
System info: host: 'pf01ntxq', ip: '192.168.141.195', os.name: 'Mac OS X', os.arch: 'x86_64', os.version: '10.9.5', java.version: '1.6.0_65'
Session ID: c8d6f9995dee9ee527a9752b2c6f94bd
Driver info: org.openqa.selenium.chrome.ChromeDriver
Capabilities [{platform=MAC, acceptSslCerts=true, javascriptEnabled=true, browserName=chrome, chrome={userDataDir=/var/folders/ym/jj0lsck57g39n6kt1_h08l3w0000gw/T/.org.chromium.Chromium.KB7ovL}, rotatable=false, locationContextEnabled=true, mobileEmulationEnabled=false, version=42.0.2311.90, takesHeapSnapshot=true, cssSelectorsEnabled=true, databaseEnabled=false, handlesAlerts=true, browserConnectionEnabled=false, webStorageEnabled=true, nativeEvents=true, applicationCacheEnabled=false, takesScreenshot=true}]
	at org.openqa.selenium.remote.ErrorHandler.createThrowable(ErrorHandler.java:204)
	at org.openqa.selenium.remote.ErrorHandler.throwIfResponseFailed(ErrorHandler.java:156)
	at org.openqa.selenium.remote.RemoteWebDriver.execute(RemoteWebDriver.java:599)
	at org.openqa.selenium.remote.RemoteWebDriver$RemoteWebDriverOptions$RemoteWindow.maximize(RemoteWebDriver.java:837)
	at com.etouch.taf.webui.selenium.WebPage.loadPage(WebPage.java:79)
	at com.etouch.tivopoc.common.CommonPage.loadPage(CommonPage.java:196)
	at com.etouch.tivopoc.pages.TivoPages.<init>(TivoPages.java:37)
	at com.etouch.tivopoc.pages.test.TestTivo.setUpBeforeClass(TestTivo.java:88)
	at com.etouch.taf.core.TestBedManager.executeTestNG(TestBedManager.java:133)
	at com.etouch.tivopoc.common.TestTivoPOCUnit.initialize(TestTivoPOCUnit.java:80)
	at com.etouch.tivopoc.common.TestTivoPOCUnit.test(TestTivoPOCUnit.java:50)
	at junit.framework.TestCase.runTest(TestCase.java:176)
	at junit.framework.TestCase.runBare(TestCase.java:141)
	at junit.framework.TestResult$1.protect(TestResult.java:122)
	at junit.framework.TestResult.runProtected(TestResult.java:142)
	at junit.framework.TestResult.run(TestResult.java:125)
	at junit.framework.TestCase.run(TestCase.java:129)
	at junit.framework.TestSuite.runTest(TestSuite.java:255)
	at junit.framework.TestSuite.run(TestSuite.java:250)
	at org.junit.internal.runners.JUnit38ClassRunner.run(JUnit38ClassRunner.java:84)
	at org.junit.runners.Suite.runChild(Suite.java:127)
	at org.junit.runners.Suite.runChild(Suite.java:26)
	at org.junit.runners.ParentRunner$3.run(ParentRunner.java:238)
	at org.junit.runners.ParentRunner$1.schedule(ParentRunner.java:63)
	at org.junit.runners.ParentRunner.runChildren(ParentRunner.java:236)
	at org.junit.runners.ParentRunner.access$000(ParentRunner.java:53)
	at org.junit.runners.ParentRunner$2.evaluate(ParentRunner.java:229)
	at org.junit.runners.ParentRunner.run(ParentRunner.java:309)
	at org.junit.runner.JUnitCore.run(JUnitCore.java:160)
	at org.junit.runner.JUnitCore.run(JUnitCore.java:138)
... Removed 36 stack frames]]>
    </failure>
  </testcase> <!-- @BeforeClass setUpBeforeClass -->
  <testcase name="@BeforeMethod printTimeStart" time="0.0" classname="com.etouch.tivopoc.pages.test.TestTivo">
    <skipped/>
  </testcase> <!-- @BeforeMethod printTimeStart -->
  <testcase name="@AfterMethod printTimeTaken" time="0.0" classname="com.etouch.tivopoc.pages.test.TestTivo">
    <skipped/>
  </testcase> <!-- @AfterMethod printTimeTaken -->
  <testcase name="@BeforeMethod printTimeStart" time="0.0" classname="com.etouch.tivopoc.pages.test.TestTivo">
    <skipped/>
  </testcase> <!-- @BeforeMethod printTimeStart -->
  <testcase name="@AfterMethod printTimeTaken" time="0.0" classname="com.etouch.tivopoc.pages.test.TestTivo">
    <skipped/>
  </testcase> <!-- @AfterMethod printTimeTaken -->
  <testcase name="@BeforeMethod printTimeStart" time="0.0" classname="com.etouch.tivopoc.pages.test.TestTivo">
    <skipped/>
  </testcase> <!-- @BeforeMethod printTimeStart -->
  <testcase name="@AfterMethod printTimeTaken" time="0.0" classname="com.etouch.tivopoc.pages.test.TestTivo">
    <skipped/>
  </testcase> <!-- @AfterMethod printTimeTaken -->
  <testcase name="@BeforeMethod printTimeStart" time="0.0" classname="com.etouch.tivopoc.pages.test.TestTivo">
    <skipped/>
  </testcase> <!-- @BeforeMethod printTimeStart -->
  <testcase name="@AfterMethod printTimeTaken" time="0.0" classname="com.etouch.tivopoc.pages.test.TestTivo">
    <skipped/>
  </testcase> <!-- @AfterMethod printTimeTaken -->
  <testcase name="@BeforeMethod printTimeStart" time="0.0" classname="com.etouch.tivopoc.pages.test.TestTivo">
    <skipped/>
  </testcase> <!-- @BeforeMethod printTimeStart -->
  <testcase name="@AfterMethod printTimeTaken" time="0.0" classname="com.etouch.tivopoc.pages.test.TestTivo">
    <skipped/>
  </testcase> <!-- @AfterMethod printTimeTaken -->
  <testcase name="testSignIn" time="0.0" classname="com.etouch.tivopoc.pages.test.TestTivo">
    <skipped/>
  </testcase> <!-- testSignIn -->
  <testcase name="testAddAShow" time="0.0" classname="com.etouch.tivopoc.pages.test.TestTivo">
    <skipped/>
  </testcase> <!-- testAddAShow -->
  <testcase name="testDeleteAShow" time="0.0" classname="com.etouch.tivopoc.pages.test.TestTivo">
    <skipped/>
  </testcase> <!-- testDeleteAShow -->
  <testcase name="testSearchForAShow" time="0.0" classname="com.etouch.tivopoc.pages.test.TestTivo">
    <skipped/>
  </testcase> <!-- testSearchForAShow -->
  <testcase name="testsignOut" time="0.0" classname="com.etouch.tivopoc.pages.test.TestTivo">
    <skipped/>
  </testcase> <!-- testsignOut -->
</testsuite> <!-- Chrome Test -->
