<?xml version="1.0" encoding="UTF-8"?>
<testsuite name="com.etouch.tivopoc.common.TestTivoPOCUnit" time="9.451" tests="1" errors="1" skipped="0" failures="0">
  <properties>
[...]
</properties>
  <testcase name="test" classname="com.etouch.tivopoc.common.TestTivoPOCUnit" time="9.451">
    <error message="Could not start a new session. Possible causes are invalid address of the remote server or browser start-up failure.&#10;Build info: version: &apos;2.45.0&apos;, revision: &apos;5017cb8e7ca8e37638dc3091b2440b90a1d8686f&apos;, time: &apos;2015-02-27 09:10:26&apos;&#10;System info: host: &apos;N/A&apos;, ip: &apos;N/A&apos;, os.name: &apos;Mac OS X&apos;, os.arch: &apos;x86_64&apos;, os.version: &apos;10.9.5&apos;, java.version: &apos;1.7.0_60-ea&apos;&#10;Driver info: driver.version: SafariDriver" type="org.openqa.selenium.remote.UnreachableBrowserException"><![CDATA[org.openqa.selenium.remote.UnreachableBrowserException: Could not start a new session. Possible causes are invalid address of the remote server or browser start-up failure.
Build info: version: '2.45.0', revision: '5017cb8e7ca8e37638dc3091b2440b90a1d8686f', time: '2015-02-27 09:10:26'
System info: host: 'N/A', ip: 'N/A', os.name: 'Mac OS X', os.arch: 'x86_64', os.version: '10.9.5', java.version: '1.7.0_60-ea'
Driver info: driver.version: SafariDriver
	at java.net.PlainSocketImpl.socketConnect(Native Method)
	at java.net.AbstractPlainSocketImpl.doConnect(AbstractPlainSocketImpl.java:339)
	at java.net.AbstractPlainSocketImpl.connectToAddress(AbstractPlainSocketImpl.java:200)
	at java.net.AbstractPlainSocketImpl.connect(AbstractPlainSocketImpl.java:182)
	at java.net.SocksSocketImpl.connect(SocksSocketImpl.java:392)
	at java.net.Socket.connect(Socket.java:579)
	at org.apache.http.conn.socket.PlainConnectionSocketFactory.connectSocket(PlainConnectionSocketFactory.java:72)
	at org.apache.http.impl.conn.HttpClientConnectionOperator.connect(HttpClientConnectionOperator.java:117)
	at org.apache.http.impl.conn.PoolingHttpClientConnectionManager.connect(PoolingHttpClientConnectionManager.java:314)
	at org.apache.http.impl.execchain.MainClientExec.establishRoute(MainClientExec.java:363)
	at org.apache.http.impl.execchain.MainClientExec.execute(MainClientExec.java:219)
	at org.apache.http.impl.execchain.ProtocolExec.execute(ProtocolExec.java:195)
	at org.apache.http.impl.execchain.RetryExec.execute(RetryExec.java:86)
	at org.apache.http.impl.execchain.RedirectExec.execute(RedirectExec.java:108)
	at org.apache.http.impl.client.InternalHttpClient.doExecute(InternalHttpClient.java:186)
	at org.apache.http.impl.client.CloseableHttpClient.execute(CloseableHttpClient.java:72)
	at org.apache.http.impl.client.CloseableHttpClient.execute(CloseableHttpClient.java:57)
	at org.openqa.selenium.remote.internal.ApacheHttpClient.fallBackExecute(ApacheHttpClient.java:126)
	at org.openqa.selenium.remote.internal.ApacheHttpClient.execute(ApacheHttpClient.java:72)
	at org.openqa.selenium.remote.HttpCommandExecutor.execute(HttpCommandExecutor.java:133)
	at org.openqa.selenium.remote.RemoteWebDriver.execute(RemoteWebDriver.java:572)
	at org.openqa.selenium.remote.RemoteWebDriver.startSession(RemoteWebDriver.java:240)
	at org.openqa.selenium.remote.RemoteWebDriver.<init>(RemoteWebDriver.java:126)
	at org.openqa.selenium.remote.RemoteWebDriver.<init>(RemoteWebDriver.java:153)
	at com.etouch.taf.webui.selenium.SeleniumDriver.buildSafariDriver(SeleniumDriver.java:79)
	at com.etouch.taf.core.driver.web.SafariDriver.buildDriver(SafariDriver.java:45)
	at com.etouch.taf.core.driver.DriverManager.createDriver(DriverManager.java:95)
	at com.etouch.taf.core.driver.DriverManager.buildDriver(DriverManager.java:77)
	at com.etouch.tivopoc.listener.SuiteListener.onStart(SuiteListener.java:54)
	at org.testng.SuiteRunner.invokeListeners(SuiteRunner.java:199)
	at org.testng.SuiteRunner.run(SuiteRunner.java:252)
	at org.testng.SuiteRunnerWorker.runSuite(SuiteRunnerWorker.java:52)
	at org.testng.SuiteRunnerWorker.run(SuiteRunnerWorker.java:86)
	at org.testng.TestNG.runSuitesSequentially(TestNG.java:1224)
	at org.testng.TestNG.runSuitesLocally(TestNG.java:1149)
	at org.testng.TestNG.run(TestNG.java:1057)
	at com.etouch.taf.core.TestBedManager.executeTestNG(TestBedManager.java:133)
	at com.etouch.tivopoc.common.TestTivoPOCUnit.initialize(TestTivoPOCUnit.java:80)
	at com.etouch.tivopoc.common.TestTivoPOCUnit.test(TestTivoPOCUnit.java:50)
]]></error>
    <system-out><![CDATA[ On initialize
 Dev config file input stream is ready
2015-04-21 17:41:10,642 [main] INFO  com.etouch.taf.core.TestSuiteManager  - Start - building TestSuits according to the configuration
<?xml version="1.0" encoding="UTF-8"?>
<!DOCTYPE suite SYSTEM "http://testng.org/testng-1.0.dtd">
<suite name="Safari Suite">
  <parameter name="testBedName" value="Safari"/>
  <listeners>
    <listener class-name="com.etouch.tivopoc.listener.SuiteListener"/>
  </listeners>
  <test name="Safari Test">
    <classes>
      <class name="com.etouch.tivopoc.pages.test.TestTivo"/>
    </classes>
  </test> <!-- Safari Test -->
</suite> <!-- Safari Suite -->

2015-04-21 17:41:10,856 [main] INFO  com.etouch.taf.core.TestBedManager  - Test suites begin to run
[TestNG] Running:
  Command line suite

Current TestBedName: Safari; tbConfig TestBedName: Firefox
Current TestBedName: Safari; tbConfig TestBedName: InternetExplorer
Current TestBedName: Safari; tbConfig TestBedName: Chrome
Current TestBedName: Safari; tbConfig TestBedName: Safari
testBedName Safari
]]></system-out>
  </testcase>
</testsuite>